Determining if the pthread_create exist failed with the following output:
Change Dir: /home/giel/etasl/ws/my_new_workspace/build/CMakeFiles/CMakeTmp

Run Build Command:"/usr/bin/make" "cmTC_e93dd/fast"
/usr/bin/make -f CMakeFiles/cmTC_e93dd.dir/build.make CMakeFiles/cmTC_e93dd.dir/build
make[1]: Entering directory '/home/giel/etasl/ws/my_new_workspace/build/CMakeFiles/CMakeTmp'
Building C object CMakeFiles/cmTC_e93dd.dir/CheckSymbolExists.c.o
/usr/bin/cc     -o CMakeFiles/cmTC_e93dd.dir/CheckSymbolExists.c.o   -c /home/giel/etasl/ws/my_new_workspace/build/CMakeFiles/CMakeTmp/CheckSymbolExists.c
Linking C executable cmTC_e93dd
/usr/bin/cmake -E cmake_link_script CMakeFiles/cmTC_e93dd.dir/link.txt --verbose=1
/usr/bin/cc       CMakeFiles/cmTC_e93dd.dir/CheckSymbolExists.c.o  -o cmTC_e93dd -rdynamic 
CMakeFiles/cmTC_e93dd.dir/CheckSymbolExists.c.o: In function `main':
CheckSymbolExists.c:(.text+0x16): undefined reference to `pthread_create'
collect2: error: ld returned 1 exit status
CMakeFiles/cmTC_e93dd.dir/build.make:97: recipe for target 'cmTC_e93dd' failed
make[1]: *** [cmTC_e93dd] Error 1
make[1]: Leaving directory '/home/giel/etasl/ws/my_new_workspace/build/CMakeFiles/CMakeTmp'
Makefile:126: recipe for target 'cmTC_e93dd/fast' failed
make: *** [cmTC_e93dd/fast] Error 2

File /home/giel/etasl/ws/my_new_workspace/build/CMakeFiles/CMakeTmp/CheckSymbolExists.c:
/* */
#include <pthread.h>

int main(int argc, char** argv)
{
  (void)argv;
#ifndef pthread_create
  return ((int*)(&pthread_create))[argc];
#else
  (void)argc;
  return 0;
#endif
}

Determining if the function pthread_create exists in the pthreads failed with the following output:
Change Dir: /home/giel/etasl/ws/my_new_workspace/build/CMakeFiles/CMakeTmp

Run Build Command:"/usr/bin/make" "cmTC_e6162/fast"
/usr/bin/make -f CMakeFiles/cmTC_e6162.dir/build.make CMakeFiles/cmTC_e6162.dir/build
make[1]: Entering directory '/home/giel/etasl/ws/my_new_workspace/build/CMakeFiles/CMakeTmp'
Building C object CMakeFiles/cmTC_e6162.dir/CheckFunctionExists.c.o
/usr/bin/cc    -DCHECK_FUNCTION_EXISTS=pthread_create   -o CMakeFiles/cmTC_e6162.dir/CheckFunctionExists.c.o   -c /usr/share/cmake-3.5/Modules/CheckFunctionExists.c
Linking C executable cmTC_e6162
/usr/bin/cmake -E cmake_link_script CMakeFiles/cmTC_e6162.dir/link.txt --verbose=1
/usr/bin/cc   -DCHECK_FUNCTION_EXISTS=pthread_create    CMakeFiles/cmTC_e6162.dir/CheckFunctionExists.c.o  -o cmTC_e6162 -rdynamic -lpthreads 
/usr/bin/ld: cannot find -lpthreads
collect2: error: ld returned 1 exit status
CMakeFiles/cmTC_e6162.dir/build.make:97: recipe for target 'cmTC_e6162' failed
make[1]: *** [cmTC_e6162] Error 1
make[1]: Leaving directory '/home/giel/etasl/ws/my_new_workspace/build/CMakeFiles/CMakeTmp'
Makefile:126: recipe for target 'cmTC_e6162/fast' failed
make: *** [cmTC_e6162/fast] Error 2


