0.000 [ Info   ][Logger] No ORO_LOGLEVEL environment variable set.
0.000 [ Info   ][Logger]  OROCOS version '2.9.2' compiled with GCC 5.4.0. Running in GNU/Linux.
0.000 [ Info   ][Logger] Orocos Logging Activated at level : [ Warning] ( 4 ) 
0.000 [ Info   ][Logger] Reference System Time is : 1623153731649654893 ticks ( 1.62315e+09 seconds ).
0.000 [ Info   ][Logger] Logging is relative to this time.
0.000 [ Info   ][Logger] RTT_COMPONENT_PATH was set to: /opt/ros/kinetic/lib/orocos:/home/giel/etasl/ws/my_new_workspace/devel/lib/orocos:/home/giel/etasl/ws/etasl-rtt/devel/lib/orocos . Searching in: /opt/ros/kinetic/lib/orocos:/home/giel/etasl/ws/my_new_workspace/devel/lib/orocos:/home/giel/etasl/ws/etasl-rtt/devel/lib/orocos
0.000 [ Info   ][Logger] plugin 'rtt' not loaded before.
0.000 [ Info   ][Logger] Loading plugin libraries from directory /opt/ros/kinetic/lib/orocos/gnulinux/./plugins ...
0.000 [ Info   ][Logger] Loaded RTT Service 'scripting' from 'rtt-scripting'
0.000 [ Info   ][Logger] Loaded RTT Service 'marshalling' from 'rtt-marshalling'
0.001 [ Info   ][Logger] typekit 'rtt' not loaded before.
0.001 [ Info   ][Logger] Loading typekit libraries from directory /opt/ros/kinetic/lib/orocos/gnulinux/./types ...
0.012 [ Info   ][TypekitRepository::Import] Loading Typekit rtt-types.
0.012 [ Info   ][Logger] Loaded RTT TypeKit/Transport 'rtt-types' from 'rtt-typekit'
0.021 [ Info   ][TypekitRepository::Import] Loading Transport CORBA://rtt-types.
0.021 [ Info   ][TypekitRepository::Import] Registered new 'CORBA' transport for ConnPolicy
0.021 [ Info   ][TypekitRepository::Import] Registered new 'CORBA' transport for TaskContext
0.021 [ Info   ][TypekitRepository::Import] Registered new 'CORBA' transport for array
0.021 [ Info   ][TypekitRepository::Import] Registered new 'CORBA' transport for bool
0.021 [ Info   ][TypekitRepository::Import] Registered new 'CORBA' transport for char
0.021 [ Info   ][TypekitRepository::Import] Registered new 'CORBA' transport for double
0.021 [ Info   ][TypekitRepository::Import] Registered new 'CORBA' transport for float
0.021 [ Info   ][TypekitRepository::Import] Registered new 'CORBA' transport for int
0.021 [ Info   ][TypekitRepository::Import] Registered new 'CORBA' transport for llong
0.021 [ Info   ][TypekitRepository::Import] Registered new 'CORBA' transport for rt_string
0.021 [ Info   ][TypekitRepository::Import] Registered new 'CORBA' transport for string
0.021 [ Info   ][TypekitRepository::Import] Registered new 'CORBA' transport for uint
0.021 [ Info   ][TypekitRepository::Import] Registered new 'CORBA' transport for ullong
0.021 [ Info   ][TypekitRepository::Import] Registered new 'CORBA' transport for void
0.021 [ Info   ][Logger] Loaded RTT TypeKit/Transport 'rtt-corba-types' from 'rtt-transport-corba'
0.022 [ Info   ][TypekitRepository::Import] Loading Transport mqueue://rtt-types.
0.022 [ Info   ][TypekitRepository::Import] Registered new 'mqueue' transport for array
0.022 [ Info   ][TypekitRepository::Import] Registered new 'mqueue' transport for bool
0.022 [ Info   ][TypekitRepository::Import] Registered new 'mqueue' transport for char
0.022 [ Info   ][TypekitRepository::Import] Registered new 'mqueue' transport for double
0.022 [ Info   ][TypekitRepository::Import] Registered new 'mqueue' transport for float
0.022 [ Info   ][TypekitRepository::Import] Registered new 'mqueue' transport for int
0.022 [ Info   ][TypekitRepository::Import] Registered new 'mqueue' transport for llong
0.022 [ Info   ][TypekitRepository::Import] Registered new 'mqueue' transport for uint
0.022 [ Info   ][TypekitRepository::Import] Registered new 'mqueue' transport for ullong
0.022 [ Info   ][Logger] Loaded RTT TypeKit/Transport 'rtt-mqueue-transport' from 'rtt-transport-mqueue'
0.022 [ Info   ][Logger] RTT_COMPONENT_PATH was set to: /opt/ros/kinetic/lib/orocos:/home/giel/etasl/ws/my_new_workspace/devel/lib/orocos:/home/giel/etasl/ws/etasl-rtt/devel/lib/orocos . Searching in: /opt/ros/kinetic/lib/orocos:/home/giel/etasl/ws/my_new_workspace/devel/lib/orocos:/home/giel/etasl/ws/etasl-rtt/devel/lib/orocos
0.022 [ Info   ][Thread] Creating Thread for scheduler=ORO_SCHED_OTHER, priority=1, CPU affinity=0, with name='lua'
0.022 [ Info   ][lua] Thread created with scheduler type 'ORO_SCHED_OTHER', priority 0, cpu affinity 4095 and period 0 (PID= 10173 ).
0.022 [ Info   ][Thread] Creating Thread for scheduler=ORO_SCHED_OTHER, priority=1, CPU affinity=0, with name='Deployer'
0.023 [ Info   ][Deployer] Thread created with scheduler type 'ORO_SCHED_OTHER', priority 0, cpu affinity 4095 and period 0 (PID= 10174 ).
0.023 [ Info   ][/opt/ros/kinetic/bin/rttlua-gnulinux::main()] No site file was found. Importing 'ocl' by default.
0.023 [ Info   ][ComponentLoader::import(path_list)] Importing directory /opt/ros/kinetic/lib/orocos/gnulinux/ocl ...
0.024 [ Info   ][ComponentLoader::import(path_list)] Loaded multi component library '/opt/ros/kinetic/lib/orocos/gnulinux/ocl/liborocos-ocl-common-gnulinux.so'
0.025 [ Info   ][ComponentLoader::import(path_list)] Loaded multi component library '/opt/ros/kinetic/lib/orocos/gnulinux/ocl/liborocos-ocl-timer-gnulinux.so'
0.025 [ Info   ][ComponentLoader::import(path_list)] Loaded multi component library '/opt/ros/kinetic/lib/orocos/gnulinux/ocl/liborocos-ocl-reporting-gnulinux.so'
0.036 [ Info   ][ComponentLoader::import(path_list)] Loaded multi component library '/opt/ros/kinetic/lib/orocos/gnulinux/ocl/liborocos-ocl-reporting-netcdf-gnulinux.so'
0.036 [ Info   ][ComponentLoader::import(path_list)] Loaded component type 'OCL::NetcdfReporting'
0.037 [ Info   ][ComponentLoader::import(path_list)] Loaded component type 'OCL::HelloWorld'
0.037 [ Info   ][ComponentLoader::import(path_list)] Loaded component type 'OCL::LuaComponent'
0.038 [ Info   ][ComponentLoader::import(path_list)] Loaded component type 'OCL::LuaTLSFComponent'
0.038 [ Info   ][ComponentLoader::import(path_list)] Loaded multi component library '/opt/ros/kinetic/lib/orocos/gnulinux/ocl/liborocos-ocl-logging-gnulinux.so'
0.039 [ Info   ][ComponentLoader::import(path_list)] Loading typekit libraries from directory /opt/ros/kinetic/lib/orocos/gnulinux/ocl/types ...
0.040 [ Info   ][TypekitRepository::Import] Loading Typekit OCLTypekit.
0.040 [ Info   ][ComponentLoader::import(path_list)] Loaded RTT TypeKit/Transport 'OCLTypekit' from 'ocl'
0.040 [ Info   ][ComponentLoader::import(path_list)] Loading plugin libraries from directory /opt/ros/kinetic/lib/orocos/gnulinux/ocl/plugins ...
0.041 [ Info   ][ComponentLoader::import(path_list)] Loaded RTT Service 'LuaTLSF' from 'rttlua-tlsf-plugin'
0.041 [ Info   ][ComponentLoader::import(path_list)] Loaded RTT Service 'Lua' from 'rttlua-plugin'
0.041 [ Info   ][ComponentLoader::import(path_list)] Loaded RTT Service 'print' from 'print'
0.042 [ Info   ][ComponentLoader::import(path_list)] Loaded RTT Service 'os' from 'os'
0.042 [ Info   ][stopComponentsGroup] Stopping group 0
0.042 [ Info   ][cleanupComponentsGroup] Cleaning up group 0
0.042 [ Info   ][/opt/ros/kinetic/bin/rttlua-gnulinux::main()] Unloading group 0
0.042 [ Info   ][/opt/ros/kinetic/bin/rttlua-gnulinux::main()] Kick-out of group 0 successful.
0.043 [ Info   ][Logger] Orocos Logging Deactivated.
